zixo-native/app/build/intermediates/manifest_merge_blame_file/debug/processDebugMainManifest/manifest-merger-blame-debug-report.txt
1<?xml version="1.0" encoding="utf-8"?>
2<manifest xmlns:android="http://schemas.android.com/apk/res/android"
3    package="com.zixo.app"
4    android:versionCode="1"
5    android:versionName="1.0.0" >
6
7    <uses-sdk
8        android:minSdkVersion="26"
9        android:targetSdkVersion="35" />
10
11    <!-- Network -->
12    <uses-permission android:name="android.permission.INTERNET" />
12-->src/main/AndroidManifest.xml:6:5-67
12-->src/main/AndroidManifest.xml:6:22-64
13    <uses-permission android:name="android.permission.ACCESS_NETWORK_STATE" />
13-->src/main/AndroidManifest.xml:7:5-79
13-->src/main/AndroidManifest.xml:7:22-76
14
15    <!-- Calling / WebRTC -->
16    <uses-permission android:name="android.permission.RECORD_AUDIO" />
16-->src/main/AndroidManifest.xml:10:5-71
16-->src/main/AndroidManifest.xml:10:22-68
17    <uses-permission android:name="android.permission.CAMERA" />
17-->src/main/AndroidManifest.xml:11:5-65
17-->src/main/AndroidManifest.xml:11:22-62
18    <uses-permission android:name="android.permission.BLUETOOTH_CONNECT" />
18-->src/main/AndroidManifest.xml:12:5-76
18-->src/main/AndroidManifest.xml:12:22-73
19
20    <!-- Location (Required by Permission Shield) -->
21    <uses-permission android:name="android.permission.ACCESS_FINE_LOCATION" />
21-->src/main/AndroidManifest.xml:15:5-79
21-->src/main/AndroidManifest.xml:15:22-76
22    <uses-permission android:name="android.permission.ACCESS_COARSE_LOCATION" />
22-->src/main/AndroidManifest.xml:16:5-81
22-->src/main/AndroidManifest.xml:16:22-78
23
24    <!-- Storage / Media (API 33+ uses READ_MEDIA_*) -->
25    <uses-permission android:name="android.permission.READ_MEDIA_IMAGES" />
25-->src/main/AndroidManifest.xml:19:5-76
25-->src/main/AndroidManifest.xml:19:22-73
26    <uses-permission android:name="android.permission.READ_MEDIA_VIDEO" />
26-->src/main/AndroidManifest.xml:20:5-75
26-->src/main/AndroidManifest.xml:20:22-72
27    <uses-permission
27-->src/main/AndroidManifest.xml:21:5-22:38
28        android:name="android.permission.READ_EXTERNAL_STORAGE"
28-->src/main/AndroidManifest.xml:21:22-77
29        android:maxSdkVersion="32" />
29-->src/main/AndroidManifest.xml:22:9-35
30    <uses-permission
30-->src/main/AndroidManifest.xml:23:5-24:38
31        android:name="android.permission.WRITE_EXTERNAL_STORAGE"
31-->src/main/AndroidManifest.xml:23:22-78
32        android:maxSdkVersion="29" />
32-->src/main/AndroidManifest.xml:24:9-35
33
34    <!-- Biometric -->
35    <uses-permission android:name="android.permission.USE_BIOMETRIC" />
35-->src/main/AndroidManifest.xml:27:5-72
35-->src/main/AndroidManifest.xml:27:22-69
36
37    <!-- Notifications -->
38    <uses-permission android:name="android.permission.POST_NOTIFICATIONS" />
38-->src/main/AndroidManifest.xml:30:5-77
38-->src/main/AndroidManifest.xml:30:22-74
39
40    <!-- Foreground service for WebRTC calls (Camera + Microphone + Phone Call) -->
41    <uses-permission android:name="android.permission.FOREGROUND_SERVICE" />
41-->src/main/AndroidManifest.xml:33:5-77
41-->src/main/AndroidManifest.xml:33:22-74
42    <uses-permission android:name="android.permission.FOREGROUND_SERVICE_PHONE_CALL" />
42-->src/main/AndroidManifest.xml:34:5-88
42-->src/main/AndroidManifest.xml:34:22-85
43    <uses-permission android:name="android.permission.FOREGROUND_SERVICE_CAMERA" />
43-->src/main/AndroidManifest.xml:35:5-84
43-->src/main/AndroidManifest.xml:35:22-81
44    <uses-permission android:name="android.permission.FOREGROUND_SERVICE_MICROPHONE" />
44-->src/main/AndroidManifest.xml:36:5-88
44-->src/main/AndroidManifest.xml:36:22-85
45
46    <!-- Vibration for calls -->
47    <uses-permission android:name="android.permission.VIBRATE" />
47-->src/main/AndroidManifest.xml:39:5-66
47-->src/main/AndroidManifest.xml:39:22-63
48
49    <!-- Wake lock for call screen -->
50    <uses-permission android:name="android.permission.WAKE_LOCK" />
50-->src/main/AndroidManifest.xml:42:5-68
50-->src/main/AndroidManifest.xml:42:22-65
51
52    <uses-feature
52-->src/main/AndroidManifest.xml:44:5-46:36
53        android:name="android.hardware.camera"
53-->src/main/AndroidManifest.xml:45:9-47
54        android:required="false" />
54-->src/main/AndroidManifest.xml:46:9-33
55    <uses-feature
55-->src/main/AndroidManifest.xml:47:5-49:36
56        android:name="android.hardware.camera.autofocus"
56-->src/main/AndroidManifest.xml:48:9-57
57        android:required="false" />
57-->src/main/AndroidManifest.xml:49:9-33
58
59    <!-- suppress DeprecatedClassUsageInspection -->
60    <uses-permission android:name="android.permission.USE_FINGERPRINT" /> <!-- Required by older versions of Google Play services to create IID tokens -->
60-->[androidx.biometric:biometric:1.1.0] AndroidManifest.xml:27:5-74
60-->[androidx.biometric:biometric:1.1.0] AndroidManifest.xml:27:22-71
61    <uses-permission android:name="com.google.android.c2dm.permission.RECEIVE" />
61-->[com.google.firebase:firebase-messaging:24.1.0] AndroidManifest.xml:26:5-82
61-->[com.google.firebase:firebase-messaging:24.1.0] AndroidManifest.xml:26:22-79
62    <uses-permission android:name="com.google.android.providers.gsf.permission.READ_GSERVICES" />
62-->[com.google.android.recaptcha:recaptcha:18.6.1] AndroidManifest.xml:9:5-98
62-->[com.google.android.recaptcha:recaptcha:18.6.1] AndroidManifest.xml:9:22-95
63    <uses-permission android:name="android.permission.RECEIVE_BOOT_COMPLETED" />
63-->[androidx.work:work-runtime:2.10.0] AndroidManifest.xml:25:5-81
63-->[androidx.work:work-runtime:2.10.0] AndroidManifest.xml:25:22-78
64
65    <permission
65-->[androidx.core:core:1.16.0] AndroidManifest.xml:22:5-24:47
66        android:name="com.zixo.app.DYNAMIC_RECEIVER_NOT_EXPORTED_PERMISSION"
66-->[androidx.core:core:1.16.0] AndroidManifest.xml:23:9-81
67        android:protectionLevel="signature" />
67-->[androidx.core:core:1.16.0] AndroidManifest.xml:24:9-44
68
69    <uses-permission android:name="com.zixo.app.DYNAMIC_RECEIVER_NOT_EXPORTED_PERMISSION" />
69-->[androidx.core:core:1.16.0] AndroidManifest.xml:26:5-97
69-->[androidx.core:core:1.16.0] AndroidManifest.xml:26:22-94
70
71    <application
71-->src/main/AndroidManifest.xml:51:5-99:19
72        android:name="com.zixo.app.ZixoApplication"
72-->src/main/AndroidManifest.xml:52:9-40
73        android:allowBackup="true"
73-->src/main/AndroidManifest.xml:53:9-35
74        android:appComponentFactory="androidx.core.app.CoreComponentFactory"
74-->[androidx.core:core:1.16.0] AndroidManifest.xml:28:18-86
75        android:dataExtractionRules="@xml/data_extraction_rules"
75-->src/main/AndroidManifest.xml:54:9-65
76        android:debuggable="true"
77        android:extractNativeLibs="false"
78        android:fullBackupContent="@xml/backup_rules"
78-->src/main/AndroidManifest.xml:55:9-54
79        android:icon="@mipmap/ic_launcher"
79-->src/main/AndroidManifest.xml:56:9-43
80        android:label="@string/app_name"
80-->src/main/AndroidManifest.xml:57:9-41
81        android:roundIcon="@mipmap/ic_launcher_round"
81-->src/main/AndroidManifest.xml:58:9-54
82        android:supportsRtl="true"
82-->src/main/AndroidManifest.xml:59:9-35
83        android:theme="@style/Theme.Zixo" >
83-->src/main/AndroidManifest.xml:60:9-42
84
85        <!--
86            Main Activity — adjustResize ensures keyboard does not overlap input fields.
87            Combined with Modifier.imePadding() and reverseLayout = true in chat screens,
88            this provides a fully responsive keyboard experience.
89        -->
90        <activity
90-->src/main/AndroidManifest.xml:68:9-77:20
91            android:name="com.zixo.app.MainActivity"
91-->src/main/AndroidManifest.xml:69:13-41
92            android:configChanges="orientation|screenSize|screenLayout|keyboardHidden"
92-->src/main/AndroidManifest.xml:72:13-87
93            android:exported="true"
93-->src/main/AndroidManifest.xml:70:13-36
94            android:windowSoftInputMode="adjustResize" >
94-->src/main/AndroidManifest.xml:71:13-55
95            <intent-filter>
95-->src/main/AndroidManifest.xml:73:13-76:29
96                <action android:name="android.intent.action.MAIN" />
96-->src/main/AndroidManifest.xml:74:17-69
96-->src/main/AndroidManifest.xml:74:25-66
97
98                <category android:name="android.intent.category.LAUNCHER" />
98-->src/main/AndroidManifest.xml:75:17-77
98-->src/main/AndroidManifest.xml:75:27-74
99            </intent-filter>
100        </activity>
101
102        <!-- Firebase Messaging Service -->
103        <service
103-->src/main/AndroidManifest.xml:80:9-86:19
104            android:name="com.zixo.app.data.remote.firebase.ZixoMessagingService"
104-->src/main/AndroidManifest.xml:81:13-70
105            android:exported="false" >
105-->src/main/AndroidManifest.xml:82:13-37
106            <intent-filter>
106-->src/main/AndroidManifest.xml:83:13-85:29
107                <action android:name="com.google.firebase.MESSAGING_EVENT" />
107-->src/main/AndroidManifest.xml:84:17-78
107-->src/main/AndroidManifest.xml:84:25-75
108            </intent-filter>
109        </service>
110
111        <!--
112            WebRTC Call Foreground Service — flags CAMERA + MICROPHONE + PHONE_CALL.
113            This guarantees Android does not terminate the media stream when the user
114            backgrounds the application during an active call.
115            All WebRTC operations run on Dispatchers.IO, never blocking the Main Thread.
116        -->
117        <service
117-->src/main/AndroidManifest.xml:94:9-97:75
118            android:name="com.zixo.app.data.remote.webrtc.CallForegroundService"
118-->src/main/AndroidManifest.xml:95:13-69
119            android:exported="false"
119-->src/main/AndroidManifest.xml:96:13-37
120            android:foregroundServiceType="phoneCall|camera|microphone" />
120-->src/main/AndroidManifest.xml:97:13-72
121        <service
121-->[com.google.firebase:firebase-auth-ktx:23.2.0] AndroidManifest.xml:8:9-14:19
122            android:name="com.google.firebase.components.ComponentDiscoveryService"
122-->[com.google.firebase:firebase-auth-ktx:23.2.0] AndroidManifest.xml:9:13-84
123            android:directBootAware="true"
123-->[com.google.firebase:firebase-common:21.0.0] AndroidManifest.xml:32:13-43
124            android:exported="false" >
124-->[com.google.firebase:firebase-auth-ktx:23.2.0] AndroidManifest.xml:10:13-37
125            <meta-data
125-->[com.google.firebase:firebase-auth-ktx:23.2.0] AndroidManifest.xml:11:13-13:85
126                android:name="com.google.firebase.components:com.google.firebase.auth.ktx.FirebaseAuthLegacyRegistrar"
126-->[com.google.firebase:firebase-auth-ktx:23.2.0] AndroidManifest.xml:12:17-119
127                android:value="com.google.firebase.components.ComponentRegistrar" />
127-->[com.google.firebase:firebase-auth-ktx:23.2.0] AndroidManifest.xml:13:17-82
128            <meta-data
128-->[com.google.firebase:firebase-auth:23.2.0] AndroidManifest.xml:69:13-71:85
129                android:name="com.google.firebase.components:com.google.firebase.auth.FirebaseAuthRegistrar"
129-->[com.google.firebase:firebase-auth:23.2.0] AndroidManifest.xml:70:17-109
130                android:value="com.google.firebase.components.ComponentRegistrar" />
130-->[com.google.firebase:firebase-auth:23.2.0] AndroidManifest.xml:71:17-82
131            <meta-data
131-->[com.google.firebase:firebase-database-ktx:21.0.0] AndroidManifest.xml:12:13-14:85
132                android:name="com.google.firebase.components:com.google.firebase.database.ktx.FirebaseDatabaseLegacyRegistrar"
132-->[com.google.firebase:firebase-database-ktx:21.0.0] AndroidManifest.xml:13:17-127
133                android:value="com.google.firebase.components.ComponentRegistrar" />
133-->[com.google.firebase:firebase-database-ktx:21.0.0] AndroidManifest.xml:14:17-82
134            <meta-data
134-->[com.google.firebase:firebase-firestore-ktx:25.1.2] AndroidManifest.xml:12:13-14:85
135                android:name="com.google.firebase.components:com.google.firebase.firestore.ktx.FirebaseFirestoreLegacyRegistrar"
135-->[com.google.firebase:firebase-firestore-ktx:25.1.2] AndroidManifest.xml:13:17-129
136                android:value="com.google.firebase.components.ComponentRegistrar" />
136-->[com.google.firebase:firebase-firestore-ktx:25.1.2] AndroidManifest.xml:14:17-82
137            <meta-data
137-->[com.google.firebase:firebase-messaging-ktx:24.1.0] AndroidManifest.xml:26:13-28:85
138                android:name="com.google.firebase.components:com.google.firebase.messaging.ktx.FirebaseMessagingLegacyRegistrar"
138-->[com.google.firebase:firebase-messaging-ktx:24.1.0] AndroidManifest.xml:27:17-129
139                android:value="com.google.firebase.components.ComponentRegistrar" />
139-->[com.google.firebase:firebase-messaging-ktx:24.1.0] AndroidManifest.xml:28:17-82
140            <meta-data
140-->[com.google.firebase:firebase-storage-ktx:21.0.1] AndroidManifest.xml:12:13-14:85
141                android:name="com.google.firebase.components:com.google.firebase.storage.ktx.FirebaseStorageLegacyRegistrar"
141-->[com.google.firebase:firebase-storage-ktx:21.0.1] AndroidManifest.xml:13:17-125
142                android:value="com.google.firebase.components.ComponentRegistrar" />
142-->[com.google.firebase:firebase-storage-ktx:21.0.1] AndroidManifest.xml:14:17-82
143            <meta-data
143-->[com.google.firebase:firebase-database:21.0.0] AndroidManifest.xml:29:13-31:85
144                android:name="com.google.firebase.components:com.google.firebase.database.FirebaseDatabaseKtxRegistrar"
144-->[com.google.firebase:firebase-database:21.0.0] AndroidManifest.xml:30:17-120
145                android:value="com.google.firebase.components.ComponentRegistrar" />
145-->[com.google.firebase:firebase-database:21.0.0] AndroidManifest.xml:31:17-82
146            <meta-data
146-->[com.google.firebase:firebase-database:21.0.0] AndroidManifest.xml:32:13-34:85
147                android:name="com.google.firebase.components:com.google.firebase.database.DatabaseRegistrar"
147-->[com.google.firebase:firebase-database:21.0.0] AndroidManifest.xml:33:17-109
148                android:value="com.google.firebase.components.ComponentRegistrar" />
148-->[com.google.firebase:firebase-database:21.0.0] AndroidManifest.xml:34:17-82
149            <meta-data
149-->[com.google.firebase:firebase-firestore:25.1.2] AndroidManifest.xml:17:13-19:85
150                android:name="com.google.firebase.components:com.google.firebase.firestore.FirebaseFirestoreKtxRegistrar"
150-->[com.google.firebase:firebase-firestore:25.1.2] AndroidManifest.xml:18:17-122
151                android:value="com.google.firebase.components.ComponentRegistrar" />
151-->[com.google.firebase:firebase-firestore:25.1.2] AndroidManifest.xml:19:17-82
152            <meta-data
152-->[com.google.firebase:firebase-firestore:25.1.2] AndroidManifest.xml:20:13-22:85
153                android:name="com.google.firebase.components:com.google.firebase.firestore.FirestoreRegistrar"
153-->[com.google.firebase:firebase-firestore:25.1.2] AndroidManifest.xml:21:17-111
154                android:value="com.google.firebase.components.ComponentRegistrar" />
154-->[com.google.firebase:firebase-firestore:25.1.2] AndroidManifest.xml:22:17-82
155            <meta-data
155-->[com.google.firebase:firebase-messaging:24.1.0] AndroidManifest.xml:57:13-59:85
156                android:name="com.google.firebase.components:com.google.firebase.messaging.FirebaseMessagingKtxRegistrar"
156-->[com.google.firebase:firebase-messaging:24.1.0] AndroidManifest.xml:58:17-122
157                android:value="com.google.firebase.components.ComponentRegistrar" />
157-->[com.google.firebase:firebase-messaging:24.1.0] AndroidManifest.xml:59:17-82
158            <meta-data
158-->[com.google.firebase:firebase-messaging:24.1.0] AndroidManifest.xml:60:13-62:85
159                android:name="com.google.firebase.components:com.google.firebase.messaging.FirebaseMessagingRegistrar"
159-->[com.google.firebase:firebase-messaging:24.1.0] AndroidManifest.xml:61:17-119
160                android:value="com.google.firebase.components.ComponentRegistrar" />
160-->[com.google.firebase:firebase-messaging:24.1.0] AndroidManifest.xml:62:17-82
161            <meta-data
161-->[com.google.firebase:firebase-storage:21.0.1] AndroidManifest.xml:30:13-32:85
162                android:name="com.google.firebase.components:com.google.firebase.storage.FirebaseStorageKtxRegistrar"
162-->[com.google.firebase:firebase-storage:21.0.1] AndroidManifest.xml:31:17-118
163                android:value="com.google.firebase.components.ComponentRegistrar" />
163-->[com.google.firebase:firebase-storage:21.0.1] AndroidManifest.xml:32:17-82
164            <meta-data
164-->[com.google.firebase:firebase-storage:21.0.1] AndroidManifest.xml:33:13-35:85
165                android:name="com.google.firebase.components:com.google.firebase.storage.StorageRegistrar"
165-->[com.google.firebase:firebase-storage:21.0.1] AndroidManifest.xml:34:17-107
166                android:value="com.google.firebase.components.ComponentRegistrar" />
166-->[com.google.firebase:firebase-storage:21.0.1] AndroidManifest.xml:35:17-82
167            <meta-data
167-->[com.google.firebase:firebase-installations:18.0.0] AndroidManifest.xml:15:13-17:85
168                android:name="com.google.firebase.components:com.google.firebase.installations.FirebaseInstallationsKtxRegistrar"
168-->[com.google.firebase:firebase-installations:18.0.0] AndroidManifest.xml:16:17-130
169                android:value="com.google.firebase.components.ComponentRegistrar" />
169-->[com.google.firebase:firebase-installations:18.0.0] AndroidManifest.xml:17:17-82
170            <meta-data
170-->[com.google.firebase:firebase-installations:18.0.0] AndroidManifest.xml:18:13-20:85
171                android:name="com.google.firebase.components:com.google.firebase.installations.FirebaseInstallationsRegistrar"
171-->[com.google.firebase:firebase-installations:18.0.0] AndroidManifest.xml:19:17-127
172                android:value="com.google.firebase.components.ComponentRegistrar" />
172-->[com.google.firebase:firebase-installations:18.0.0] AndroidManifest.xml:20:17-82
173            <meta-data
173-->[com.google.firebase:firebase-appcheck:18.0.0] AndroidManifest.xml:25:13-27:85
174                android:name="com.google.firebase.components:com.google.firebase.appcheck.FirebaseAppCheckKtxRegistrar"
174-->[com.google.firebase:firebase-appcheck:18.0.0] AndroidManifest.xml:26:17-120
175                android:value="com.google.firebase.components.ComponentRegistrar" />
175-->[com.google.firebase:firebase-appcheck:18.0.0] AndroidManifest.xml:27:17-82
176            <meta-data
176-->[com.google.firebase:firebase-appcheck:18.0.0] AndroidManifest.xml:28:13-30:85
177                android:name="com.google.firebase.components:com.google.firebase.appcheck.FirebaseAppCheckRegistrar"
177-->[com.google.firebase:firebase-appcheck:18.0.0] AndroidManifest.xml:29:17-117
178                android:value="com.google.firebase.components.ComponentRegistrar" />
178-->[com.google.firebase:firebase-appcheck:18.0.0] AndroidManifest.xml:30:17-82
179            <meta-data
179-->[com.google.firebase:firebase-common-ktx:21.0.0] AndroidManifest.xml:12:13-14:85
180                android:name="com.google.firebase.components:com.google.firebase.ktx.FirebaseCommonLegacyRegistrar"
180-->[com.google.firebase:firebase-common-ktx:21.0.0] AndroidManifest.xml:13:17-116
181                android:value="com.google.firebase.components.ComponentRegistrar" />
181-->[com.google.firebase:firebase-common-ktx:21.0.0] AndroidManifest.xml:14:17-82
182            <meta-data
182-->[com.google.firebase:firebase-common:21.0.0] AndroidManifest.xml:35:13-37:85
183                android:name="com.google.firebase.components:com.google.firebase.FirebaseCommonKtxRegistrar"
183-->[com.google.firebase:firebase-common:21.0.0] AndroidManifest.xml:36:17-109
184                android:value="com.google.firebase.components.ComponentRegistrar" />
184-->[com.google.firebase:firebase-common:21.0.0] AndroidManifest.xml:37:17-82
185            <meta-data
185-->[com.google.firebase:firebase-datatransport:18.2.0] AndroidManifest.xml:25:13-27:85
186                android:name="com.google.firebase.components:com.google.firebase.datatransport.TransportRegistrar"
186-->[com.google.firebase:firebase-datatransport:18.2.0] AndroidManifest.xml:26:17-115
187                android:value="com.google.firebase.components.ComponentRegistrar" />
187-->[com.google.firebase:firebase-datatransport:18.2.0] AndroidManifest.xml:27:17-82
188        </service>
189
190        <activity
190-->[com.google.firebase:firebase-auth:23.2.0] AndroidManifest.xml:29:9-46:20
191            android:name="com.google.firebase.auth.internal.GenericIdpActivity"
191-->[com.google.firebase:firebase-auth:23.2.0] AndroidManifest.xml:30:13-80
192            android:excludeFromRecents="true"
192-->[com.google.firebase:firebase-auth:23.2.0] AndroidManifest.xml:31:13-46
193            android:exported="true"
193-->[com.google.firebase:firebase-auth:23.2.0] AndroidManifest.xml:32:13-36
194            android:launchMode="singleTask"
194-->[com.google.firebase:firebase-auth:23.2.0] AndroidManifest.xml:33:13-44
195            android:theme="@android:style/Theme.Translucent.NoTitleBar" >
195-->[com.google.firebase:firebase-auth:23.2.0] AndroidManifest.xml:34:13-72
196            <intent-filter>
196-->[com.google.firebase:firebase-auth:23.2.0] AndroidManifest.xml:35:13-45:29
197                <action android:name="android.intent.action.VIEW" />
197-->[com.google.firebase:firebase-auth:23.2.0] AndroidManifest.xml:36:17-69
197-->[com.google.firebase:firebase-auth:23.2.0] AndroidManifest.xml:36:25-66
198
199                <category android:name="android.intent.category.DEFAULT" />
199-->[com.google.firebase:firebase-auth:23.2.0] AndroidManifest.xml:38:17-76
199-->[com.google.firebase:firebase-auth:23.2.0] AndroidManifest.xml:38:27-73
200                <category android:name="android.intent.category.BROWSABLE" />
200-->[com.google.firebase:firebase-auth:23.2.0] AndroidManifest.xml:39:17-78
200-->[com.google.firebase:firebase-auth:23.2.0] AndroidManifest.xml:39:27-75
201
202                <data
202-->[com.google.firebase:firebase-auth:23.2.0] AndroidManifest.xml:41:17-44:51
203                    android:host="firebase.auth"
203-->[com.google.firebase:firebase-auth:23.2.0] AndroidManifest.xml:42:21-49
204                    android:path="/"
204-->[com.google.firebase:firebase-auth:23.2.0] AndroidManifest.xml:43:21-37
205                    android:scheme="genericidp" />
205-->[com.google.firebase:firebase-auth:23.2.0] AndroidManifest.xml:44:21-48
206            </intent-filter>
207        </activity>
208        <activity
208-->[com.google.firebase:firebase-auth:23.2.0] AndroidManifest.xml:47:9-64:20
209            android:name="com.google.firebase.auth.internal.RecaptchaActivity"
209-->[com.google.firebase:firebase-auth:23.2.0] AndroidManifest.xml:48:13-79
210            android:excludeFromRecents="true"
210-->[com.google.firebase:firebase-auth:23.2.0] AndroidManifest.xml:49:13-46
211            android:exported="true"
211-->[com.google.firebase:firebase-auth:23.2.0] AndroidManifest.xml:50:13-36
212            android:launchMode="singleTask"
212-->[com.google.firebase:firebase-auth:23.2.0] AndroidManifest.xml:51:13-44
213            android:theme="@android:style/Theme.Translucent.NoTitleBar" >
213-->[com.google.firebase:firebase-auth:23.2.0] AndroidManifest.xml:52:13-72
214            <intent-filter>
214-->[com.google.firebase:firebase-auth:23.2.0] AndroidManifest.xml:53:13-63:29
215                <action android:name="android.intent.action.VIEW" />
215-->[com.google.firebase:firebase-auth:23.2.0] AndroidManifest.xml:36:17-69
215-->[com.google.firebase:firebase-auth:23.2.0] AndroidManifest.xml:36:25-66
216
217                <category android:name="android.intent.category.DEFAULT" />
217-->[com.google.firebase:firebase-auth:23.2.0] AndroidManifest.xml:38:17-76
217-->[com.google.firebase:firebase-auth:23.2.0] AndroidManifest.xml:38:27-73
218                <category android:name="android.intent.category.BROWSABLE" />
218-->[com.google.firebase:firebase-auth:23.2.0] AndroidManifest.xml:39:17-78
218-->[com.google.firebase:firebase-auth:23.2.0] AndroidManifest.xml:39:27-75
219
220                <data
220-->[com.google.firebase:firebase-auth:23.2.0] AndroidManifest.xml:41:17-44:51
221                    android:host="firebase.auth"
221-->[com.google.firebase:firebase-auth:23.2.0] AndroidManifest.xml:42:21-49
222                    android:path="/"
222-->[com.google.firebase:firebase-auth:23.2.0] AndroidManifest.xml:43:21-37
223                    android:scheme="recaptcha" />
223-->[com.google.firebase:firebase-auth:23.2.0] AndroidManifest.xml:44:21-48
224            </intent-filter>
225        </activity>
226
227        <receiver
227-->[com.google.firebase:firebase-messaging:24.1.0] AndroidManifest.xml:29:9-40:20
228            android:name="com.google.firebase.iid.FirebaseInstanceIdReceiver"
228-->[com.google.firebase:firebase-messaging:24.1.0] AndroidManifest.xml:30:13-78
229            android:exported="true"
229-->[com.google.firebase:firebase-messaging:24.1.0] AndroidManifest.xml:31:13-36
230            android:permission="com.google.android.c2dm.permission.SEND" >
230-->[com.google.firebase:firebase-messaging:24.1.0] AndroidManifest.xml:32:13-73
231            <intent-filter>
231-->[com.google.firebase:firebase-messaging:24.1.0] AndroidManifest.xml:33:13-35:29
232                <action android:name="com.google.android.c2dm.intent.RECEIVE" />
232-->[com.google.firebase:firebase-messaging:24.1.0] AndroidManifest.xml:34:17-81
232-->[com.google.firebase:firebase-messaging:24.1.0] AndroidManifest.xml:34:25-78
233            </intent-filter>
234
235            <meta-data
235-->[com.google.firebase:firebase-messaging:24.1.0] AndroidManifest.xml:37:13-39:40
236                android:name="com.google.android.gms.cloudmessaging.FINISHED_AFTER_HANDLED"
236-->[com.google.firebase:firebase-messaging:24.1.0] AndroidManifest.xml:38:17-92
237                android:value="true" />
237-->[com.google.firebase:firebase-messaging:24.1.0] AndroidManifest.xml:39:17-37
238        </receiver>
239        <!--
240             FirebaseMessagingService performs security checks at runtime,
241             but set to not exported to explicitly avoid allowing another app to call it.
242        -->
243        <service
243-->[com.google.firebase:firebase-messaging:24.1.0] AndroidManifest.xml:46:9-53:19
244            android:name="com.google.firebase.messaging.FirebaseMessagingService"
244-->[com.google.firebase:firebase-messaging:24.1.0] AndroidManifest.xml:47:13-82
245            android:directBootAware="true"
245-->[com.google.firebase:firebase-messaging:24.1.0] AndroidManifest.xml:48:13-43
246            android:exported="false" >
246-->[com.google.firebase:firebase-messaging:24.1.0] AndroidManifest.xml:49:13-37
247            <intent-filter android:priority="-500" >
247-->src/main/AndroidManifest.xml:83:13-85:29
248                <action android:name="com.google.firebase.MESSAGING_EVENT" />
248-->src/main/AndroidManifest.xml:84:17-78
248-->src/main/AndroidManifest.xml:84:25-75
249            </intent-filter>
250        </service>
251
252        <provider
252-->[com.google.firebase:firebase-common:21.0.0] AndroidManifest.xml:23:9-28:39
253            android:name="com.google.firebase.provider.FirebaseInitProvider"
253-->[com.google.firebase:firebase-common:21.0.0] AndroidManifest.xml:24:13-77
254            android:authorities="com.zixo.app.firebaseinitprovider"
254-->[com.google.firebase:firebase-common:21.0.0] AndroidManifest.xml:25:13-72
255            android:directBootAware="true"
255-->[com.google.firebase:firebase-common:21.0.0] AndroidManifest.xml:26:13-43
256            android:exported="false"
256-->[com.google.firebase:firebase-common:21.0.0] AndroidManifest.xml:27:13-37
257            android:initOrder="100" />
257-->[com.google.firebase:firebase-common:21.0.0] AndroidManifest.xml:28:13-36
258
259        <service
259-->[androidx.credentials:credentials-play-services-auth:1.3.0-beta01] AndroidManifest.xml:24:9-32:19
260            android:name="androidx.credentials.playservices.CredentialProviderMetadataHolder"
260-->[androidx.credentials:credentials-play-services-auth:1.3.0-beta01] AndroidManifest.xml:25:13-94
261            android:enabled="true"
261-->[androidx.credentials:credentials-play-services-auth:1.3.0-beta01] AndroidManifest.xml:26:13-35
262            android:exported="false" >
262-->[androidx.credentials:credentials-play-services-auth:1.3.0-beta01] AndroidManifest.xml:27:13-37
263            <meta-data
263-->[androidx.credentials:credentials-play-services-auth:1.3.0-beta01] AndroidManifest.xml:29:13-31:104
264                android:name="androidx.credentials.CREDENTIAL_PROVIDER_KEY"
264-->[androidx.credentials:credentials-play-services-auth:1.3.0-beta01] AndroidManifest.xml:30:17-76
265                android:value="androidx.credentials.playservices.CredentialProviderPlayServicesImpl" />
265-->[androidx.credentials:credentials-play-services-auth:1.3.0-beta01] AndroidManifest.xml:31:17-101
266        </service>
267
268        <activity
268-->[androidx.credentials:credentials-play-services-auth:1.3.0-beta01] AndroidManifest.xml:34:9-41:20
269            android:name="androidx.credentials.playservices.HiddenActivity"
269-->[androidx.credentials:credentials-play-services-auth:1.3.0-beta01] AndroidManifest.xml:35:13-76
270            android:configChanges="orientation|screenSize|screenLayout|keyboardHidden"
270-->[androidx.credentials:credentials-play-services-auth:1.3.0-beta01] AndroidManifest.xml:36:13-87
271            android:enabled="true"